{"uuid":"0ff8efce-3238-4046-9f82-4bc0062d4362","historyId":"7f147e8626d578686bf77c1dd11bd3a1","testCaseId":"6b0f6c3572daa8862bb2111d5950d071","fullName":"src/test/resources/features/CreateUser.feature:3","labels":[{"name":"host","value":"DESKTOP-3IGBNJK"},{"name":"thread","value":"9416@DESKTOP-3IGBNJK.main(1)"},{"name":"feature","value":"Create user in OrangeHRM"},{"name":"story","value":"Admin creates a new user successfully"},{"name":"suite","value":"Create user in OrangeHRM"},{"name":"testClass","value":"Admin creates a new user successfully"},{"name":"framework","value":"cucumber4jvm"},{"name":"language","value":"java"},{"name":"gherkin_uri","value":"file:///D:/7month/exam_abbank/orange-automation/src/test/resources/features/CreateUser.feature"},{"name":"package","value":"src.test.resources.features.CreateUser_feature.Create user in OrangeHRM"}],"links":[],"name":"Admin creates a new user successfully","status":"broken","statusDetails":{"known":false,"muted":false,"flaky":false,"message":"Expected condition failed: waiting for commons.BasePage$$Lambda$964/0x0000018e1a3366f0@57cb70be (tried for 30 second(s) with 500 milliseconds interval)\nBuild info: version: '4.25.0', revision: '8a8aea2337'\nSystem info: os.name: 'Windows 10', os.arch: 'amd64', os.version: '10.0', java.version: '17.0.12'\nDriver info: org.openqa.selenium.chrome.ChromeDriver\nCapabilities {acceptInsecureCerts: false, browserName: chrome, browserVersion: 143.0.7499.170, chrome: {chromedriverVersion: 143.0.7499.169 (164b20aab62..., userDataDir: C:\\Users\\haita\\AppData\\Loca...}, fedcm:accounts: true, goog:chromeOptions: {debuggerAddress: localhost:50257}, goog:processID: 10304, networkConnectionEnabled: false, pageLoadStrategy: normal, platformName: windows, proxy: Proxy(), se:cdp: ws://localhost:50257/devtoo..., se:cdpVersion: 143.0.7499.170, setWindowRect: true, strictFileInteractability: false, timeouts: {implicit: 0, pageLoad: 300000, script: 30000}, unhandledPromptBehavior: dismiss and notify, webauthn:extension:credBlob: true, webauthn:extension:largeBlob: true, webauthn:extension:minPinLength: true, webauthn:extension:prf: true, webauthn:virtualAuthenticators: true}\nSession ID: 125dcb52cb6fe786c1fff664b2e191cb","trace":"org.openqa.selenium.TimeoutException: Expected condition failed: waiting for commons.BasePage$$Lambda$964/0x0000018e1a3366f0@57cb70be (tried for 30 second(s) with 500 milliseconds interval)\nBuild info: version: '4.25.0', revision: '8a8aea2337'\nSystem info: os.name: 'Windows 10', os.arch: 'amd64', os.version: '10.0', java.version: '17.0.12'\nDriver info: org.openqa.selenium.chrome.ChromeDriver\nCapabilities {acceptInsecureCerts: false, browserName: chrome, browserVersion: 143.0.7499.170, chrome: {chromedriverVersion: 143.0.7499.169 (164b20aab62..., userDataDir: C:\\Users\\haita\\AppData\\Loca...}, fedcm:accounts: true, goog:chromeOptions: {debuggerAddress: localhost:50257}, goog:processID: 10304, networkConnectionEnabled: false, pageLoadStrategy: normal, platformName: windows, proxy: Proxy(), se:cdp: ws://localhost:50257/devtoo..., se:cdpVersion: 143.0.7499.170, setWindowRect: true, strictFileInteractability: false, timeouts: {implicit: 0, pageLoad: 300000, script: 30000}, unhandledPromptBehavior: dismiss and notify, webauthn:extension:credBlob: true, webauthn:extension:largeBlob: true, webauthn:extension:minPinLength: true, webauthn:extension:prf: true, webauthn:virtualAuthenticators: true}\nSession ID: 125dcb52cb6fe786c1fff664b2e191cb\r\n\tat org.openqa.selenium.support.ui.WebDriverWait.timeoutException(WebDriverWait.java:84)\r\n\tat org.openqa.selenium.support.ui.FluentWait.until(FluentWait.java:228)\r\n\tat commons.BasePage.waitForSuggestionContains(BasePage.java:154)\r\n\tat pageObjects.AdminPageObject.inputEmployeeName(AdminPageObject.java:40)\r\n\tat pageObjects.AdminPageObject.createUser(AdminPageObject.java:24)\r\n\tat steps.CreateUserSteps.createUser(CreateUserSteps.java:54)\r\n\tat ✽.I create a new valid user(file:///D:/7month/exam_abbank/orange-automation/src/test/resources/features/CreateUser.feature:8)\r\n"},"stage":"finished","steps":[{"name":"Given I open OrangeHRM login page","status":"passed","statusDetails":{"known":false,"muted":false,"flaky":false},"stage":"finished","steps":[],"attachments":[],"parameters":[],"start":1766908576633,"stop":1766908579952},{"name":"When I login as admin user","status":"passed","statusDetails":{"known":false,"muted":false,"flaky":false},"stage":"finished","steps":[],"attachments":[],"parameters":[],"start":1766908579952,"stop":1766908582327},{"name":"And I navigate to User Management page","status":"passed","statusDetails":{"known":false,"muted":false,"flaky":false},"stage":"finished","steps":[],"attachments":[],"parameters":[],"start":1766908582327,"stop":1766908583418},{"name":"Then Admin header is displayed successfully","status":"passed","statusDetails":{"known":false,"muted":false,"flaky":false},"stage":"finished","steps":[],"attachments":[],"parameters":[],"start":1766908583418,"stop":1766908583810},{"name":"And I create a new valid user","status":"broken","statusDetails":{"known":false,"muted":false,"flaky":false,"message":"Expected condition failed: waiting for commons.BasePage$$Lambda$964/0x0000018e1a3366f0@57cb70be (tried for 30 second(s) with 500 milliseconds interval)\nBuild info: version: '4.25.0', revision: '8a8aea2337'\nSystem info: os.name: 'Windows 10', os.arch: 'amd64', os.version: '10.0', java.version: '17.0.12'\nDriver info: org.openqa.selenium.chrome.ChromeDriver\nCapabilities {acceptInsecureCerts: false, browserName: chrome, browserVersion: 143.0.7499.170, chrome: {chromedriverVersion: 143.0.7499.169 (164b20aab62..., userDataDir: C:\\Users\\haita\\AppData\\Loca...}, fedcm:accounts: true, goog:chromeOptions: {debuggerAddress: localhost:50257}, goog:processID: 10304, networkConnectionEnabled: false, pageLoadStrategy: normal, platformName: windows, proxy: Proxy(), se:cdp: ws://localhost:50257/devtoo..., se:cdpVersion: 143.0.7499.170, setWindowRect: true, strictFileInteractability: false, timeouts: {implicit: 0, pageLoad: 300000, script: 30000}, unhandledPromptBehavior: dismiss and notify, webauthn:extension:credBlob: true, webauthn:extension:largeBlob: true, webauthn:extension:minPinLength: true, webauthn:extension:prf: true, webauthn:virtualAuthenticators: true}\nSession ID: 125dcb52cb6fe786c1fff664b2e191cb","trace":"org.openqa.selenium.TimeoutException: Expected condition failed: waiting for commons.BasePage$$Lambda$964/0x0000018e1a3366f0@57cb70be (tried for 30 second(s) with 500 milliseconds interval)\nBuild info: version: '4.25.0', revision: '8a8aea2337'\nSystem info: os.name: 'Windows 10', os.arch: 'amd64', os.version: '10.0', java.version: '17.0.12'\nDriver info: org.openqa.selenium.chrome.ChromeDriver\nCapabilities {acceptInsecureCerts: false, browserName: chrome, browserVersion: 143.0.7499.170, chrome: {chromedriverVersion: 143.0.7499.169 (164b20aab62..., userDataDir: C:\\Users\\haita\\AppData\\Loca...}, fedcm:accounts: true, goog:chromeOptions: {debuggerAddress: localhost:50257}, goog:processID: 10304, networkConnectionEnabled: false, pageLoadStrategy: normal, platformName: windows, proxy: Proxy(), se:cdp: ws://localhost:50257/devtoo..., se:cdpVersion: 143.0.7499.170, setWindowRect: true, strictFileInteractability: false, timeouts: {implicit: 0, pageLoad: 300000, script: 30000}, unhandledPromptBehavior: dismiss and notify, webauthn:extension:credBlob: true, webauthn:extension:largeBlob: true, webauthn:extension:minPinLength: true, webauthn:extension:prf: true, webauthn:virtualAuthenticators: true}\nSession ID: 125dcb52cb6fe786c1fff664b2e191cb\r\n\tat org.openqa.selenium.support.ui.WebDriverWait.timeoutException(WebDriverWait.java:84)\r\n\tat org.openqa.selenium.support.ui.FluentWait.until(FluentWait.java:228)\r\n\tat commons.BasePage.waitForSuggestionContains(BasePage.java:154)\r\n\tat pageObjects.AdminPageObject.inputEmployeeName(AdminPageObject.java:40)\r\n\tat pageObjects.AdminPageObject.createUser(AdminPageObject.java:24)\r\n\tat steps.CreateUserSteps.createUser(CreateUserSteps.java:54)\r\n\tat ✽.I create a new valid user(file:///D:/7month/exam_abbank/orange-automation/src/test/resources/features/CreateUser.feature:8)\r\n"},"stage":"finished","steps":[],"attachments":[],"parameters":[],"start":1766908583810,"stop":1766908615120},{"name":"Then The user should be created successfully","status":"skipped","statusDetails":{"known":false,"muted":false,"flaky":false},"stage":"finished","steps":[],"attachments":[],"parameters":[],"start":1766908615120,"stop":1766908615120},{"name":"When I search for the created user","status":"skipped","statusDetails":{"known":false,"muted":false,"flaky":false},"stage":"finished","steps":[],"attachments":[],"parameters":[],"start":1766908615120,"stop":1766908615120},{"name":"Then The user record found is displayed successfully","status":"skipped","statusDetails":{"known":false,"muted":false,"flaky":false},"stage":"finished","steps":[],"attachments":[],"parameters":[],"start":1766908615120,"stop":1766908615120},{"name":"Then The user should appear in result table","status":"skipped","statusDetails":{"known":false,"muted":false,"flaky":false},"stage":"finished","steps":[],"attachments":[],"parameters":[],"start":1766908615120,"stop":1766908615120}],"attachments":[],"parameters":[],"start":1766908575263,"stop":1766908615413}