{"uuid":"ed2ee89e-0681-4211-bb45-3946fdd2c3bc","historyId":"7f147e8626d578686bf77c1dd11bd3a1","testCaseId":"6b0f6c3572daa8862bb2111d5950d071","fullName":"src/test/resources/features/CreateUser.feature:3","labels":[{"name":"host","value":"DESKTOP-3IGBNJK"},{"name":"thread","value":"11896@DESKTOP-3IGBNJK.main(1)"},{"name":"feature","value":"Create user in OrangeHRM"},{"name":"story","value":"Admin creates a new user successfully"},{"name":"suite","value":"Create user in OrangeHRM"},{"name":"testClass","value":"Admin creates a new user successfully"},{"name":"framework","value":"cucumber4jvm"},{"name":"language","value":"java"},{"name":"gherkin_uri","value":"file:///D:/7month/exam_abbank/orange-automation/src/test/resources/features/CreateUser.feature"},{"name":"package","value":"src.test.resources.features.CreateUser_feature.Create user in OrangeHRM"}],"links":[],"name":"Admin creates a new user successfully","status":"failed","statusDetails":{"known":false,"muted":false,"flaky":false,"message":"expected [true] but found [false]","trace":"java.lang.AssertionError: expected [true] but found [false]\r\n\tat org.testng.Assert.fail(Assert.java:111)\r\n\tat org.testng.Assert.failNotEquals(Assert.java:1578)\r\n\tat org.testng.Assert.assertTrue(Assert.java:57)\r\n\tat org.testng.Assert.assertTrue(Assert.java:67)\r\n\tat steps.CreateUserSteps.verifyCreate(CreateUserSteps.java:53)\r\n\tat ✽.The user should be created successfully(file:///D:/7month/exam_abbank/orange-automation/src/test/resources/features/CreateUser.feature:9)\r\n"},"stage":"finished","steps":[{"name":"Given I open OrangeHRM login page","status":"passed","statusDetails":{"known":false,"muted":false,"flaky":false},"stage":"finished","steps":[],"attachments":[],"parameters":[],"start":1766898732402,"stop":1766898735784},{"name":"When I login as admin user","status":"passed","statusDetails":{"known":false,"muted":false,"flaky":false},"stage":"finished","steps":[],"attachments":[],"parameters":[],"start":1766898735785,"stop":1766898738172},{"name":"And I navigate to User Management page","status":"passed","statusDetails":{"known":false,"muted":false,"flaky":false},"stage":"finished","steps":[],"attachments":[],"parameters":[],"start":1766898738172,"stop":1766898739335},{"name":"Then Admin header is displayed successfully","status":"passed","statusDetails":{"known":false,"muted":false,"flaky":false},"stage":"finished","steps":[],"attachments":[],"parameters":[],"start":1766898739335,"stop":1766898739717},{"name":"And I create a new valid user","status":"passed","statusDetails":{"known":false,"muted":false,"flaky":false},"stage":"finished","steps":[],"attachments":[],"parameters":[],"start":1766898739717,"stop":1766898742467},{"name":"Then The user should be created successfully","status":"failed","statusDetails":{"known":false,"muted":false,"flaky":false,"message":"expected [true] but found [false]","trace":"java.lang.AssertionError: expected [true] but found [false]\r\n\tat org.testng.Assert.fail(Assert.java:111)\r\n\tat org.testng.Assert.failNotEquals(Assert.java:1578)\r\n\tat org.testng.Assert.assertTrue(Assert.java:57)\r\n\tat org.testng.Assert.assertTrue(Assert.java:67)\r\n\tat steps.CreateUserSteps.verifyCreate(CreateUserSteps.java:53)\r\n\tat ✽.The user should be created successfully(file:///D:/7month/exam_abbank/orange-automation/src/test/resources/features/CreateUser.feature:9)\r\n"},"stage":"finished","steps":[],"attachments":[],"parameters":[],"start":1766898742467,"stop":1766898757541},{"name":"When I search for the created user","status":"skipped","statusDetails":{"known":false,"muted":false,"flaky":false},"stage":"finished","steps":[],"attachments":[],"parameters":[],"start":1766898757542,"stop":1766898757542},{"name":"Then The user record found is displayed successfully","status":"skipped","statusDetails":{"known":false,"muted":false,"flaky":false},"stage":"finished","steps":[],"attachments":[],"parameters":[],"start":1766898757542,"stop":1766898757542},{"name":"Then The user should appear in result table","status":"skipped","statusDetails":{"known":false,"muted":false,"flaky":false},"stage":"finished","steps":[],"attachments":[],"parameters":[],"start":1766898757542,"stop":1766898757542}],"attachments":[],"parameters":[],"start":1766898731042,"stop":1766898757876}